<?xml version="1.0" encoding="UTF-8"?>
<!-- Generated by org.testng.reporters.JUnitReportReporter -->
<testsuite hostname="VIVEK" failures="0" tests="1" name="com.manualactitime.testscript.CustomerModule" time="18.032" errors="0" timestamp="2022-05-09T17:39:34 IST" skipped="0">
  <testcase classname="com.manualactitime.testscript.CustomerModule" name="testCreateCustomer" time="18.032"/>
  <system-out>
    <![CDATA[CreateCustomer
Customer successfully created =HDFC-001]]>
  </system-out>
</testsuite> <!-- com.manualactitime.testscript.CustomerModule -->
