<?xml version="1.0" encoding="UTF-8"?>
<!-- Generated by org.testng.reporters.JUnitReportReporter -->
<testsuite hostname="VIVEK" failures="0" tests="1" name="com.manualactitime.testscript.CustomerModule1" time="16.267" errors="0" timestamp="2022-05-08T12:21:35 IST" skipped="0">
  <testcase classname="com.manualactitime.testscript.CustomerModule1" name="testCreateCustomer" time="16.267"/>
  <system-out>
    <![CDATA[Create Customer]]>
  </system-out>
</testsuite> <!-- com.manualactitime.testscript.CustomerModule1 -->
