<?xml version="1.0" encoding="UTF-8"?>
<!-- Generated by org.testng.reporters.JUnitReportReporter -->
<testsuite hostname="VIVEK" failures="0" tests="1" name="com.manualactitime.testscript.CustomerModule" time="44.062" errors="0" timestamp="2022-05-08T19:29:00 IST" skipped="0">
  <testcase classname="com.manualactitime.testscript.CustomerModule" name="testCreateCustomer" time="44.062"/>
  <system-out>
    <![CDATA[CreateCustomer
Customer successfully created =HDFC-001]]>
  </system-out>
</testsuite> <!-- com.manualactitime.testscript.CustomerModule -->
